#
# There is insufficient memory for the Java Runtime Environment to continue.
# Native memory allocation (malloc) failed to allocate 65552 bytes for Chunk::new
# Possible reasons:
#   The system is out of physical RAM or swap space
#   In 32 bit mode, the process size limit was hit
# Possible solutions:
#   Reduce memory load on the system
#   Increase physical memory or swap space
#   Check if swap backing store is full
#   Use 64 bit Java on a 64 bit OS
#   Decrease Java heap size (-Xmx/-Xms)
#   Decrease number of Java threads
#   Decrease Java thread stack sizes (-Xss)
#   Set larger code cache with -XX:ReservedCodeCacheSize=
# This output file may be truncated or incomplete.
#
#  Out of Memory Error (allocation.cpp:390), pid=1864, tid=0x00000000000007d8
#
# JRE version: Java(TM) SE Runtime Environment (8.0_92-b14) (build 1.8.0_92-b14)
# Java VM: Java HotSpot(TM) 64-Bit Server VM (25.92-b14 mixed mode windows-amd64 compressed oops)
# Failed to write core dump. Minidumps are not enabled by default on client versions of Windows
#

---------------  T H R E A D  ---------------

Current thread (0x000000001478b800):  JavaThread "C2 CompilerThread0" daemon [_thread_in_native, id=2008, stack(0x0000000015cf0000,0x0000000015df0000)]

Stack: [0x0000000015cf0000,0x0000000015df0000]
[error occurred during error reporting (printing stack bounds), id 0xc0000005]

Native frames: (J=compiled Java code, j=interpreted, Vv=VM code, C=native code)


Current CompileTask:
C2:  39798 1825   !   4       com.android.dx.cf.code.Ropper::processBlock (1101 bytes)


---------------  P R O C E S S  ---------------

Java Threads: ( => current thread )
  0x0000000016001800 JavaThread "Service Thread" daemon [_thread_blocked, id=3004, stack(0x00000000163f0000,0x00000000164f0000)]
  0x00000000147e2000 JavaThread "C1 CompilerThread2" daemon [_thread_blocked, id=4484, stack(0x0000000015ef0000,0x0000000015ff0000)]
  0x000000001478f000 JavaThread "C2 CompilerThread1" daemon [_thread_in_native, id=4640, stack(0x0000000015df0000,0x0000000015ef0000)]
=>0x000000001478b800 JavaThread "C2 CompilerThread0" daemon [_thread_in_native, id=2008, stack(0x0000000015cf0000,0x0000000015df0000)]
  0x000000001478a000 JavaThread "Attach Listener" daemon [_thread_blocked, id=3176, stack(0x0000000015bf0000,0x0000000015cf0000)]
  0x0000000014789000 JavaThread "Signal Dispatcher" daemon [_thread_blocked, id=5704, stack(0x0000000015af0000,0x0000000015bf0000)]
  0x000000001477a000 JavaThread "Finalizer" daemon [_thread_blocked, id=4172, stack(0x00000000159f0000,0x0000000015af0000)]
  0x00000000020af000 JavaThread "Reference Handler" daemon [_thread_blocked, id=5956, stack(0x00000000158f0000,0x00000000159f0000)]
  0x0000000001fc0800 JavaThread "main" [_thread_in_native, id=5784, stack(0x0000000001ec0000,0x0000000001fc0000)]

Other Threads:
  0x0000000014757800 VMThread [stack: 0x00000000157f0000,0x00000000158f0000] [id=5308]
  0x0000000016009000 WatcherThread [stack: 0x00000000164f0000,0x00000000165f0000] [id=3696]

VM state:not at safepoint (normal execution)

VM Mutex/Monitor currently owned by a thread: None

Heap:
 PSYoungGen      total 39424K, used 29904K [0x00000000eab00000, 0x00000000ef800000, 0x0000000100000000)
  eden space 31744K, 70% used [0x00000000eab00000,0x00000000ec0b5df0,0x00000000eca00000)
  from space 7680K, 99% used [0x00000000ef080000,0x00000000ef7fe2f8,0x00000000ef800000)
  to   space 2560K, 0% used [0x00000000eca00000,0x00000000eca00000,0x00000000ecc80000)
 ParOldGen       total 42496K, used 13799K [0x00000000c0000000, 0x00000000c2980000, 0x00000000eab00000)
  object space 42496K, 32% used [0x00000000c0000000,0x00000000c0d79fc0,0x00000000c2980000)
 Metaspace       used 6776K, capacity 7608K, committed 7936K, reserved 1056768K
  class space    used 630K, capacity 688K, committed 768K, reserved 1048576K

Card table byte_map: [0x0000000011480000,0x0000000011690000] byte_map_base: 0x0000000010e80000

Marking Bits: (ParMarkBitMap*) 0x00000000736364f0
 Begin Bits: [0x0000000011bf0000, 0x0000000012bf0000)
 End Bits:   [0x0000000012bf0000, 0x0000000013bf0000)

Polling page: 0x0000000000380000

CodeCache: size=245760Kb used=8977Kb max_used=8977Kb free=236782Kb
 bounds [0x00000000020c0000, 0x0000000002990000, 0x00000000110c0000]
 total_blobs=2519 nmethods=2249 adapters=183
 compilation: enabled

Compilation events (10 events):
Event: 38.679 Thread 0x00000000147e2000 nmethod 2109 0x00000000028f9a50 code [0x00000000028f9ca0, 0x00000000028fac88]
Event: 38.679 Thread 0x00000000147e2000 2110       3       com.android.dx.dex.code.OutputFinisher::massageInstructions (89 bytes)
Event: 38.681 Thread 0x00000000147e2000 nmethod 2110 0x00000000028fb250 code [0x00000000028fb480, 0x00000000028fc0b8]
Event: 38.681 Thread 0x00000000147e2000 2095       2       com.android.dx.dex.code.form.Form11x::isCompatible (40 bytes)
Event: 38.681 Thread 0x00000000147e2000 nmethod 2095 0x00000000028fca50 code [0x00000000028fcbc0, 0x00000000028fce28]
Event: 38.681 Thread 0x00000000147e2000 2078       2       com.android.dx.dex.code.LocalList$Entry::compareTo (63 bytes)
Event: 38.682 Thread 0x00000000147e2000 nmethod 2078 0x00000000028fcfd0 code [0x00000000028fd140, 0x00000000028fd368]
Event: 38.682 Thread 0x00000000147e2000 2111       3       com.android.dx.dex.code.OutputFinisher::align64bits (247 bytes)
Event: 38.684 Thread 0x00000000147e2000 nmethod 2111 0x00000000028fd450 code [0x00000000028fd720, 0x00000000028fef58]
Event: 38.684 Thread 0x00000000147e2000 2072       2       com.android.dx.dex.code.LocalStart::<init> (25 bytes)

GC Heap History (10 events):
Event: 31.263 GC heap before
{Heap before GC invocations=2 (full 0):
 PSYoungGen      total 18432K, used 18407K [0x00000000eab00000, 0x00000000ebf80000, 0x0000000100000000)
  eden space 15872K, 100% used [0x00000000eab00000,0x00000000eba80000,0x00000000eba80000)
  from space 2560K, 99% used [0x00000000eba80000,0x00000000ebcf9fc0,0x00000000ebd00000)
  to   space 2560K, 0% used [0x00000000ebd00000,0x00000000ebd00000,0x00000000ebf80000)
 ParOldGen       total 42496K, used 1386K [0x00000000c0000000, 0x00000000c2980000, 0x00000000eab00000)
  object space 42496K, 3% used [0x00000000c0000000,0x00000000c015a9f0,0x00000000c2980000)
 Metaspace       used 6037K, capacity 6960K, committed 7040K, reserved 1056768K
  class space    used 601K, capacity 616K, committed 640K, reserved 1048576K
Event: 31.649 GC heap after
Heap after GC invocations=2 (full 0):
 PSYoungGen      total 18432K, used 2551K [0x00000000eab00000, 0x00000000ecf00000, 0x0000000100000000)
  eden space 15872K, 0% used [0x00000000eab00000,0x00000000eab00000,0x00000000eba80000)
  from space 2560K, 99% used [0x00000000ebd00000,0x00000000ebf7df00,0x00000000ebf80000)
  to   space 2560K, 0% used [0x00000000eba80000,0x00000000eba80000,0x00000000ebd00000)
 ParOldGen       total 42496K, used 3560K [0x00000000c0000000, 0x00000000c2980000, 0x00000000eab00000)
  object space 42496K, 8% used [0x00000000c0000000,0x00000000c037a2c8,0x00000000c2980000)
 Metaspace       used 6037K, capacity 6960K, committed 7040K, reserved 1056768K
  class space    used 601K, capacity 616K, committed 640K, reserved 1048576K
}
Event: 32.688 GC heap before
{Heap before GC invocations=3 (full 0):
 PSYoungGen      total 18432K, used 18423K [0x00000000eab00000, 0x00000000ecf00000, 0x0000000100000000)
  eden space 15872K, 100% used [0x00000000eab00000,0x00000000eba80000,0x00000000eba80000)
  from space 2560K, 99% used [0x00000000ebd00000,0x00000000ebf7df00,0x00000000ebf80000)
  to   space 2560K, 0% used [0x00000000eba80000,0x00000000eba80000,0x00000000ebd00000)
 ParOldGen       total 42496K, used 3560K [0x00000000c0000000, 0x00000000c2980000, 0x00000000eab00000)
  object space 42496K, 8% used [0x00000000c0000000,0x00000000c037a2c8,0x00000000c2980000)
 Metaspace       used 6177K, capacity 7026K, committed 7296K, reserved 1056768K
  class space    used 603K, capacity 618K, committed 640K, reserved 1048576K
Event: 33.100 GC heap after
Heap after GC invocations=3 (full 0):
 PSYoungGen      total 18432K, used 2542K [0x00000000eab00000, 0x00000000ecf00000, 0x0000000100000000)
  eden space 15872K, 0% used [0x00000000eab00000,0x00000000eab00000,0x00000000eba80000)
  from space 2560K, 99% used [0x00000000eba80000,0x00000000ebcfb8b0,0x00000000ebd00000)
  to   space 2560K, 0% used [0x00000000ecc80000,0x00000000ecc80000,0x00000000ecf00000)
 ParOldGen       total 42496K, used 6499K [0x00000000c0000000, 0x00000000c2980000, 0x00000000eab00000)
  object space 42496K, 15% used [0x00000000c0000000,0x00000000c0658fe0,0x00000000c2980000)
 Metaspace       used 6177K, capacity 7026K, committed 7296K, reserved 1056768K
  class space    used 603K, capacity 618K, committed 640K, reserved 1048576K
}
Event: 34.578 GC heap before
{Heap before GC invocations=4 (full 0):
 PSYoungGen      total 18432K, used 18414K [0x00000000eab00000, 0x00000000ecf00000, 0x0000000100000000)
  eden space 15872K, 100% used [0x00000000eab00000,0x00000000eba80000,0x00000000eba80000)
  from space 2560K, 99% used [0x00000000eba80000,0x00000000ebcfb8b0,0x00000000ebd00000)
  to   space 2560K, 0% used [0x00000000ecc80000,0x00000000ecc80000,0x00000000ecf00000)
 ParOldGen       total 42496K, used 6499K [0x00000000c0000000, 0x00000000c2980000, 0x00000000eab00000)
  object space 42496K, 15% used [0x00000000c0000000,0x00000000c0658fe0,0x00000000c2980000)
 Metaspace       used 6210K, capacity 7090K, committed 7296K, reserved 1056768K
  class space    used 603K, capacity 618K, committed 640K, reserved 1048576K
Event: 34.643 GC heap after
Heap after GC invocations=4 (full 0):
 PSYoungGen      total 34304K, used 2558K [0x00000000eab00000, 0x00000000ecf00000, 0x0000000100000000)
  eden space 31744K, 0% used [0x00000000eab00000,0x00000000eab00000,0x00000000eca00000)
  from space 2560K, 99% used [0x00000000ecc80000,0x00000000eceff888,0x00000000ecf00000)
  to   space 2560K, 0% used [0x00000000eca00000,0x00000000eca00000,0x00000000ecc80000)
 ParOldGen       total 42496K, used 8885K [0x00000000c0000000, 0x00000000c2980000, 0x00000000eab00000)
  object space 42496K, 20% used [0x00000000c0000000,0x00000000c08ad408,0x00000000c2980000)
 Metaspace       used 6210K, capacity 7090K, committed 7296K, reserved 1056768K
  class space    used 603K, capacity 618K, committed 640K, reserved 1048576K
}
Event: 36.521 GC heap before
{Heap before GC invocations=5 (full 0):
 PSYoungGen      total 34304K, used 34302K [0x00000000eab00000, 0x00000000ecf00000, 0x0000000100000000)
  eden space 31744K, 100% used [0x00000000eab00000,0x00000000eca00000,0x00000000eca00000)
  from space 2560K, 99% used [0x00000000ecc80000,0x00000000eceff888,0x00000000ecf00000)
  to   space 2560K, 0% used [0x00000000eca00000,0x00000000eca00000,0x00000000ecc80000)
 ParOldGen       total 42496K, used 8885K [0x00000000c0000000, 0x00000000c2980000, 0x00000000eab00000)
  object space 42496K, 20% used [0x00000000c0000000,0x00000000c08ad408,0x00000000c2980000)
 Metaspace       used 6242K, capacity 7090K, committed 7296K, reserved 1056768K
  class space    used 603K, capacity 618K, committed 640K, reserved 1048576K
Event: 36.725 GC heap after
Heap after GC invocations=5 (full 0):
 PSYoungGen      total 34304K, used 2558K [0x00000000eab00000, 0x00000000ef800000, 0x0000000100000000)
  eden space 31744K, 0% used [0x00000000eab00000,0x00000000eab00000,0x00000000eca00000)
  from space 2560K, 99% used [0x00000000eca00000,0x00000000ecc7f888,0x00000000ecc80000)
  to   space 7680K, 0% used [0x00000000ef080000,0x00000000ef080000,0x00000000ef800000)
 ParOldGen       total 42496K, used 13575K [0x00000000c0000000, 0x00000000c2980000, 0x00000000eab00000)
  object space 42496K, 31% used [0x00000000c0000000,0x00000000c0d41e30,0x00000000c2980000)
 Metaspace       used 6242K, capacity 7090K, committed 7296K, reserved 1056768K
  class space    used 603K, capacity 618K, committed 640K, reserved 1048576K
}
Event: 38.184 GC heap before
{Heap before GC invocations=6 (full 0):
 PSYoungGen      total 34304K, used 34302K [0x00000000eab00000, 0x00000000ef800000, 0x0000000100000000)
  eden space 31744K, 100% used [0x00000000eab00000,0x00000000eca00000,0x00000000eca00000)
  from space 2560K, 99% used [0x00000000eca00000,0x00000000ecc7f888,0x00000000ecc80000)
  to   space 7680K, 0% used [0x00000000ef080000,0x00000000ef080000,0x00000000ef800000)
 ParOldGen       total 42496K, used 13575K [0x00000000c0000000, 0x00000000c2980000, 0x00000000eab00000)
  object space 42496K, 31% used [0x00000000c0000000,0x00000000c0d41e30,0x00000000c2980000)
 Metaspace       used 6293K, capacity 7154K, committed 7296K, reserved 1056768K
  class space    used 604K, capacity 618K, committed 640K, reserved 1048576K
Event: 38.295 GC heap after
Heap after GC invocations=6 (full 0):
 PSYoungGen      total 39424K, used 7672K [0x00000000eab00000, 0x00000000ef800000, 0x0000000100000000)
  eden space 31744K, 0% used [0x00000000eab00000,0x00000000eab00000,0x00000000eca00000)
  from space 7680K, 99% used [0x00000000ef080000,0x00000000ef7fe2f8,0x00000000ef800000)
  to   space 2560K, 0% used [0x00000000eca00000,0x00000000eca00000,0x00000000ecc80000)
 ParOldGen       total 42496K, used 13799K [0x00000000c0000000, 0x00000000c2980000, 0x00000000eab00000)
  object space 42496K, 32% used [0x00000000c0000000,0x00000000c0d79fc0,0x00000000c2980000)
 Metaspace       used 6293K, capacity 7154K, committed 7296K, reserved 1056768K
  class space    used 604K, capacity 618K, committed 640K, reserved 1048576K
}

Deoptimization events (10 events):
Event: 38.344 Thread 0x0000000016332000 Uncommon trap: reason=bimorphic action=maybe_recompile pc=0x0000000002826f30 method=com.android.dx.cf.code.BytecodeArray.parseInstruction(ILcom/android/dx/cf/code/BytecodeArray$Visitor;)I @ 2484
Event: 38.344 Thread 0x0000000016332000 Uncommon trap: reason=bimorphic action=maybe_recompile pc=0x0000000002826f30 method=com.android.dx.cf.code.BytecodeArray.parseInstruction(ILcom/android/dx/cf/code/BytecodeArray$Visitor;)I @ 2484
Event: 38.439 Thread 0x0000000001fc0800 Uncommon trap: reason=class_check action=maybe_recompile pc=0x00000000025e05c8 method=java.util.Arrays.hashCode([Ljava/lang/Object;)I @ 43
Event: 38.439 Thread 0x0000000001fc0800 Uncommon trap: reason=class_check action=maybe_recompile pc=0x00000000025e05c8 method=java.util.Arrays.hashCode([Ljava/lang/Object;)I @ 43
Event: 38.439 Thread 0x0000000001fc0800 Uncommon trap: reason=class_check action=maybe_recompile pc=0x00000000025e05c8 method=java.util.Arrays.hashCode([Ljava/lang/Object;)I @ 43
Event: 38.439 Thread 0x0000000001fc0800 Uncommon trap: reason=class_check action=maybe_recompile pc=0x00000000025e05c8 method=java.util.Arrays.hashCode([Ljava/lang/Object;)I @ 43
Event: 38.439 Thread 0x0000000001fc0800 Uncommon trap: reason=class_check action=maybe_recompile pc=0x00000000024fc0f4 method=java.util.Arrays.hashCode([Ljava/lang/Object;)I @ 43
Event: 38.452 Thread 0x0000000001fc0800 Uncommon trap: reason=class_check action=maybe_recompile pc=0x00000000025ec7e8 method=java.util.HashMap.putVal(ILjava/lang/Object;Ljava/lang/Object;ZZ)Ljava/lang/Object; @ 203
Event: 38.452 Thread 0x0000000001fc0800 Uncommon trap: reason=class_check action=maybe_recompile pc=0x00000000025ec7e8 method=java.util.HashMap.putVal(ILjava/lang/Object;Ljava/lang/Object;ZZ)Ljava/lang/Object; @ 203
Event: 38.453 Thread 0x0000000001fc0800 Uncommon trap: reason=class_check action=maybe_recompile pc=0x00000000025ec7e8 method=java.util.HashMap.putVal(ILjava/lang/Object;Ljava/lang/Object;ZZ)Ljava/lang/Object; @ 203

Internal exceptions (7 events):
Event: 5.129 Thread 0x0000000001fc0800 Exception <a 'java/lang/NoSuchMethodError': Method sun.misc.Unsafe.defineClass(Ljava/lang/String;[BII)Ljava/lang/Class; name or signature does not match> (0x00000000eab07cc0) thrown at [D:\re\workspace\8-2-build-windows-amd64-cygwin\jdk8u92\6642\hotspot\srGÃ=V‡„@
Event: 5.129 Thread 0x0000000001fc0800 Exception <a 'java/lang/NoSuchMethodError': Method sun.misc.Unsafe.prefetchRead(Ljava/lang/Object;J)V name or signature does not match> (0x00000000eab07fa8) thrown at [D:\re\workspace\8-2-build-windows-amd64-cygwin\jdk8u92\6642\hotspot\src\share\vm\prims\j\#†Ú²?@
Event: 31.699 Thread 0x0000000016262800 Implicit null exception at 0x00000000023abb36 to 0x00000000023ad26d
Event: 32.088 Thread 0x0000000016327000 Implicit null exception at 0x0000000002508122 to 0x0000000002508212
Event: 37.678 Thread 0x0000000016327000 Implicit null exception at 0x00000000027cd190 to 0x00000000027cf0c5
Event: 37.678 Thread 0x0000000016327000 Implicit null exception at 0x000000000271899d to 0x0000000002719e39
Event: 38.036 Thread 0x0000000016327000 Implicit null exception at 0x00000000027ecdd5 to 0x00000000027ee3bd

Events (10 events):
Event: 38.671 Thread 0x0000000001fc0800 DEOPT PACKING pc=0x00000000028d13ae sp=0x0000000001fbf160
Event: 38.671 Thread 0x0000000001fc0800 DEOPT UNPACKING pc=0x000000000210747f sp=0x0000000001fbeee8 mode 0
Event: 38.671 Thread 0x0000000001fc0800 DEOPT PACKING pc=0x00000000028cd6b1 sp=0x0000000001fbf120
Event: 38.671 Thread 0x0000000001fc0800 DEOPT UNPACKING pc=0x000000000210747f sp=0x0000000001fbeee8 mode 0
Event: 38.672 Thread 0x0000000001fc0800 DEOPT PACKING pc=0x00000000028ce88d sp=0x0000000001fbf1e0
Event: 38.672 Thread 0x0000000001fc0800 DEOPT UNPACKING pc=0x000000000210747f sp=0x0000000001fbef38 mode 0
Event: 38.673 Thread 0x0000000001fc0800 DEOPT PACKING pc=0x00000000028c40b1 sp=0x0000000001fbf150
Event: 38.673 Thread 0x0000000001fc0800 DEOPT UNPACKING pc=0x000000000210747f sp=0x0000000001fbeed8 mode 0
Event: 38.681 Thread 0x0000000001fc0800 DEOPT PACKING pc=0x00000000028cc018 sp=0x0000000001fbf140
Event: 38.682 Thread 0x0000000001fc0800 DEOPT UNPACKING pc=0x000000000210747f sp=0x0000000001fbeea0 mode 0


Dynamic libraries:
0x00007ff770900000 - 0x00007ff770937000 	C:\Program Files\Java\jdk1.8.0_92\bin\java.exe
0x00007ffb9d7d0000 - 0x00007ffb9d97d000 	C:\Windows\SYSTEM32\ntdll.dll
0x00007ffb9c7b0000 - 0x00007ffb9c8ee000 	C:\Windows\system32\KERNEL32.DLL
0x00007ffb9aa80000 - 0x00007ffb9ab95000 	C:\Windows\system32\KERNELBASE.dll
0x00007ffb99320000 - 0x00007ffb993ae000 	C:\Windows\system32\apphelp.dll
0x00007ffb8a310000 - 0x00007ffb8a363000 	C:\Windows\AppPatch\AppPatch64\AcGenral.DLL
0x00007ffb9d090000 - 0x00007ffb9d13a000 	C:\Windows\system32\msvcrt.dll
0x00007ffb9ae30000 - 0x00007ffb9ae5e000 	C:\Windows\system32\SspiCli.dll
0x00007ffb9c5b0000 - 0x00007ffb9c604000 	C:\Windows\system32\SHLWAPI.dll
0x00007ffb9c920000 - 0x00007ffb9ca97000 	C:\Windows\system32\USER32.dll
0x00007ffb9c610000 - 0x00007ffb9c7a4000 	C:\Windows\system32\ole32.dll
0x00007ffb9ae60000 - 0x00007ffb9c38a000 	C:\Windows\system32\SHELL32.dll
0x00007ffb99ed0000 - 0x00007ffb99ef1000 	C:\Windows\SYSTEM32\USERENV.dll
0x00007ffb9cfe0000 - 0x00007ffb9d08a000 	C:\Windows\system32\ADVAPI32.dll
0x00007ffb91790000 - 0x00007ffb917ae000 	C:\Windows\SYSTEM32\MPR.dll
0x00007ffb9d560000 - 0x00007ffb9d6a0000 	C:\Windows\system32\RPCRT4.dll
0x00007ffb9d770000 - 0x00007ffb9d7c9000 	C:\Windows\SYSTEM32\sechost.dll
0x00007ffb9cc10000 - 0x00007ffb9ce21000 	C:\Windows\SYSTEM32\combase.dll
0x00007ffb9c460000 - 0x00007ffb9c5af000 	C:\Windows\system32\GDI32.dll
0x00007ffb9a900000 - 0x00007ffb9a915000 	C:\Windows\SYSTEM32\profapi.dll
0x00007ffb98d50000 - 0x00007ffb98e02000 	C:\Windows\SYSTEM32\SHCORE.dll
0x00007ffb9cb60000 - 0x00007ffb9cb96000 	C:\Windows\system32\IMM32.DLL
0x00007ffb9d3f0000 - 0x00007ffb9d542000 	C:\Windows\system32\MSCTF.dll
0x00007ffb97440000 - 0x00007ffb976bb000 	C:\Windows\WinSxS\amd64_microsoft.windows.common-controls_6595b64144ccf1df_6.0.9600.18006_none_623f33d3ecbe86e8\COMCTL32.dll
0x00000000728b0000 - 0x0000000072982000 	C:\Program Files\Java\jdk1.8.0_92\jre\bin\msvcr100.dll
0x0000000072e20000 - 0x00000000736b6000 	C:\Program Files\Java\jdk1.8.0_92\jre\bin\server\jvm.dll
0x00007ffb92e70000 - 0x00007ffb92e79000 	C:\Windows\SYSTEM32\WSOCK32.dll
0x00007ffb90950000 - 0x00007ffb90972000 	C:\Windows\SYSTEM32\WINMM.dll
0x00007ffb95330000 - 0x00007ffb9533a000 	C:\Windows\SYSTEM32\VERSION.dll
0x00007ffb9cc00000 - 0x00007ffb9cc07000 	C:\Windows\system32\PSAPI.DLL
0x00007ffb9cba0000 - 0x00007ffb9cbfa000 	C:\Windows\system32\WS2_32.dll
0x00007ffb90920000 - 0x00007ffb9094a000 	C:\Windows\SYSTEM32\WINMMBASE.dll
0x00007ffb9d140000 - 0x00007ffb9d149000 	C:\Windows\system32\NSI.dll
0x00007ffb9aa30000 - 0x00007ffb9aa7f000 	C:\Windows\SYSTEM32\cfgmgr32.dll
0x00007ffb99740000 - 0x00007ffb99768000 	C:\Windows\SYSTEM32\DEVOBJ.dll
0x0000000072d30000 - 0x0000000072d3f000 	C:\Program Files\Java\jdk1.8.0_92\jre\bin\verify.dll
0x0000000072d00000 - 0x0000000072d29000 	C:\Program Files\Java\jdk1.8.0_92\jre\bin\java.dll
0x0000000072ce0000 - 0x0000000072cf6000 	C:\Program Files\Java\jdk1.8.0_92\jre\bin\zip.dll

VM Arguments:
jvm_args: -Djava.awt.headless=true -Xmx1024M -Dfile.encoding=windows-1252 -Duser.country=IN -Duser.language=en -Duser.variant 
java_command: com.android.dx.command.Main --dex --num-threads=4 --output C:\Users\saransh gaur\AndroidStudioProjects\Firstapp\app\build\intermediates\pre-dexed\debug\com.android.support-design-23.4.0_8c4301b26fd697e4d6acc5673444acbed55482fe.jar C:\Users\saransh gaur\AndroidStudioProjects\Firstapp\app\build\intermediates\exploded-aar\com.android.support\design\23.4.0\jars\classes.jar
java_class_path (initial): C:\Users\saransh gaur\AppData\Local\Android\Sdk\build-tools\23.0.3\lib\dx.jar
Launcher Type: SUN_STANDARD

Environment Variables:
JAVA_HOME=C:\Program Files\Java\jdk1.8.0_92
PATH=C:\ProgramData\Oracle\Java\javapath;C:\Windows\system32;C:\Windows;C:\Windows\System32\Wbem;C:\Windows\System32\WindowsPowerShell\v1.0\;C:\Program Files (x86)\Skype\Phone\;C:\Python27;C:\Python27\Scripts
USERNAME=saransh gaur
OS=Windows_NT
PROCESSOR_IDENTIFIER=Intel64 Family 6 Model 37 Stepping 5, GenuineIntel



---------------  S Y S T E M  ---------------

OS: Windows 8.1 , 64 bit Build 9600 (6.3.9600.17415)

CPU:total 4 (2 cores per cpu, 2 threads per core) family 6 model 37 stepping 5, cmov, cx8, fxsr, mmx, sse, sse2, sse3, ssse3, sse4.1, sse4.2, popcnt, ht, tsc, tscinvbit

Memory: 4k page, physical 3985940k(198028k free), swap 7131668k(8472k free)

vm_info: Java HotSpot(TM) 64-Bit Server VM (25.92-b14) for windows-amd64 JRE (1.8.0_92-b14), built on Mar 31 2016 21:03:04 by "java_re" with MS VC++ 10.0 (VS2010)

time: Mon Jun 27 17:16:56 2016
elapsed time: 42 seconds (0d 0h 0m 42s)

